404 error: http://127.0.0.1:5000/.well-known/appspecific/com.chrome.devtools.json
404 error: http://127.0.0.1:5000/.well-known/appspecific/com.chrome.devtools.json
404 error: http://127.0.0.1:5000/.well-known/appspecific/com.chrome.devtools.json
Error sending message on attempt 1: Unauthenticated.
Error sending message on attempt 2: Unauthenticated.
Error sending message on attempt 3: Unauthenticated.
Error sending message on attempt 1: Unauthenticated.
Error sending message on attempt 2: Unauthenticated.
Error sending message on attempt 3: Unauthenticated.
Tenant portal error: not all arguments converted during string formatting
Tenant portal error: not all arguments converted during string formatting
Tenant portal error: not all arguments converted during string formatting
404 error: http://127.0.0.1:5000/.well-known/appspecific/com.chrome.devtools.json
Tenant portal error: not all arguments converted during string formatting
404 error: http://127.0.0.1:5000/.well-known/appspecific/com.chrome.devtools.json
Tenant portal error: not all arguments converted during string formatting
Traceback: Traceback (most recent call last):
  File "/home/biggie/wanjau/water_billing/home.py", line 7568, in tenant_portal
    return render_template('tenant_portal.html',
           ^^^^^^^^^^^^^^^^^^^^^^^^^^^^^^^^^^^^^
  File "/home/biggie/wanjau/water_billing/venv/lib/python3.12/site-packages/flask/templating.py", line 151, in render_template
    return _render(app, template, context)
           ^^^^^^^^^^^^^^^^^^^^^^^^^^^^^^^
  File "/home/biggie/wanjau/water_billing/venv/lib/python3.12/site-packages/flask/templating.py", line 132, in _render
    rv = template.render(context)
         ^^^^^^^^^^^^^^^^^^^^^^^^
  File "/home/biggie/wanjau/water_billing/venv/lib/python3.12/site-packages/jinja2/environment.py", line 1295, in render
    self.environment.handle_exception()
  File "/home/biggie/wanjau/water_billing/venv/lib/python3.12/site-packages/jinja2/environment.py", line 942, in handle_exception
    raise rewrite_traceback_stack(source=source)
  File "/home/biggie/wanjau/water_billing/templates/tenant_portal.html", line 54, in top-level template code
    <h2 class="text-warning">KES {{ "{:,.2f}"|format(readings|sum(attribute='bill_amount')) }}</h2>
    ^^^^^^^^^^^^^^^^^^^^^^^^^
  File "/home/biggie/wanjau/water_billing/venv/lib/python3.12/site-packages/jinja2/filters.py", line 1043, in do_format
    return soft_str(value) % (kwargs or args)
           ~~~~~~~~~~~~~~~~^~~~~~~~~~~~~~~~~~
TypeError: not all arguments converted during string formatting

404 error: http://127.0.0.1:5000/.well-known/appspecific/com.chrome.devtools.json
Tenant portal error: unsupported format character ',' (0x2c) at index 1
Traceback: Traceback (most recent call last):
  File "/home/biggie/wanjau/water_billing/home.py", line 7568, in tenant_portal
    return render_template('tenant_portal.html',
           ^^^^^^^^^^^^^^^^^^^^^^^^^^^^^^^^^^^^^
  File "/home/biggie/wanjau/water_billing/venv/lib/python3.12/site-packages/flask/templating.py", line 151, in render_template
    return _render(app, template, context)
           ^^^^^^^^^^^^^^^^^^^^^^^^^^^^^^^
  File "/home/biggie/wanjau/water_billing/venv/lib/python3.12/site-packages/flask/templating.py", line 132, in _render
    rv = template.render(context)
         ^^^^^^^^^^^^^^^^^^^^^^^^
  File "/home/biggie/wanjau/water_billing/venv/lib/python3.12/site-packages/jinja2/environment.py", line 1295, in render
    self.environment.handle_exception()
  File "/home/biggie/wanjau/water_billing/venv/lib/python3.12/site-packages/jinja2/environment.py", line 942, in handle_exception
    raise rewrite_traceback_stack(source=source)
  File "/home/biggie/wanjau/water_billing/templates/tenant_portal.html", line 54, in top-level template code
    <h2 class="text-warning">KES {{ "%,.2f"|format(readings|sum(attribute='bill_amount')) }}</h2>
    ^^^^^^^^^^^^^^^^^^^^^^^^^
  File "/home/biggie/wanjau/water_billing/venv/lib/python3.12/site-packages/jinja2/filters.py", line 1043, in do_format
    return soft_str(value) % (kwargs or args)
           ~~~~~~~~~~~~~~~~^~~~~~~~~~~~~~~~~~
ValueError: unsupported format character ',' (0x2c) at index 1

404 error: http://127.0.0.1:5000/.well-known/appspecific/com.chrome.devtools.json
Tenant portal error: not all arguments converted during string formatting
Traceback: Traceback (most recent call last):
  File "/home/biggie/wanjau/water_billing/home.py", line 7568, in tenant_portal
    return render_template('tenant_portal.html',
           ^^^^^^^^^^^^^^^^^^^^^^^^^^^^^^^^^^^^^
  File "/home/biggie/wanjau/water_billing/venv/lib/python3.12/site-packages/flask/templating.py", line 151, in render_template
    return _render(app, template, context)
           ^^^^^^^^^^^^^^^^^^^^^^^^^^^^^^^
  File "/home/biggie/wanjau/water_billing/venv/lib/python3.12/site-packages/flask/templating.py", line 132, in _render
    rv = template.render(context)
         ^^^^^^^^^^^^^^^^^^^^^^^^
  File "/home/biggie/wanjau/water_billing/venv/lib/python3.12/site-packages/jinja2/environment.py", line 1295, in render
    self.environment.handle_exception()
  File "/home/biggie/wanjau/water_billing/venv/lib/python3.12/site-packages/jinja2/environment.py", line 942, in handle_exception
    raise rewrite_traceback_stack(source=source)
  File "/home/biggie/wanjau/water_billing/templates/tenant_portal.html", line 112, in top-level template code
    <div class="h6">KES {{ "{:,.2f}"|format(reading.bill_amount) }}</div>
    ^^^^^^^^^^^^^^^^^^^^^^^^^
  File "/home/biggie/wanjau/water_billing/venv/lib/python3.12/site-packages/jinja2/filters.py", line 1043, in do_format
    return soft_str(value) % (kwargs or args)
           ~~~~~~~~~~~~~~~~^~~~~~~~~~~~~~~~~~
TypeError: not all arguments converted during string formatting

404 error: http://127.0.0.1:5000/.well-known/appspecific/com.chrome.devtools.json
404 error: http://127.0.0.1:5000/.well-known/appspecific/com.chrome.devtools.json
Error initializing houses collection: name 'admin_tenant_map' is not defined
Error initializing houses collection: name 'admin_tenant_map' is not defined
